2017-11-08T01:15:06+00:00 grace1.umd.edu#00 I: Runner: processes
2017-11-08T01:15:06+00:00 grace1.umd.edu#00 I: Chooser: simple
2017-11-08T01:15:06+00:00 grace1.umd.edu#00 I: Configuration suite_name = "public"
2017-11-08T01:15:06+00:00 grace1.umd.edu#00 I: Configuration cache_filename = "/afs/glue.umd.edu/home/glue/n/a/narora4/home/cmsc330/CS/cmsc330/ocaml/projects/p4/_build/oUnit-$(suite_name).cache"
2017-11-08T01:15:06+00:00 grace1.umd.edu#00 I: Configuration display = "true"
2017-11-08T01:15:06+00:00 grace1.umd.edu#00 I: Configuration results_style_1_X = "false"
2017-11-08T01:15:06+00:00 grace1.umd.edu#00 I: Configuration verbose = "false"
2017-11-08T01:15:06+00:00 grace1.umd.edu#00 I: Configuration health_check_interval = "1."
2017-11-08T01:15:06+00:00 grace1.umd.edu#00 I: Configuration testdata_dir = "none"
2017-11-08T01:15:06+00:00 grace1.umd.edu#00 I: Configuration chooser = "simple"
2017-11-08T01:15:06+00:00 grace1.umd.edu#00 I: Configuration output_html_dir = "none"
2017-11-08T01:15:06+00:00 grace1.umd.edu#00 I: Configuration processes_kill_period = "5."
2017-11-08T01:15:06+00:00 grace1.umd.edu#00 I: Configuration runner = "processes"
2017-11-08T01:15:06+00:00 grace1.umd.edu#00 I: Configuration shards = "1"
2017-11-08T01:15:06+00:00 grace1.umd.edu#00 I: Configuration processes_grace_period = "5."
2017-11-08T01:15:06+00:00 grace1.umd.edu#00 I: Configuration log_encoding = "utf-8"
2017-11-08T01:15:06+00:00 grace1.umd.edu#00 I: Configuration output_junit_file = "none"
2017-11-08T01:15:06+00:00 grace1.umd.edu#00 I: Configuration output_file = "/afs/glue.umd.edu/home/glue/n/a/narora4/home/cmsc330/CS/cmsc330/ocaml/projects/p4/_build/oUnit-$(suite_name)-$(shard_id).log"
2017-11-08T01:15:06+00:00 grace1.umd.edu#00 I: Using 1 workers maximum.
2017-11-08T01:15:06+00:00 grace1.umd.edu#00 I: Starting worker number grace1.umd.edu#01.
2017-11-08T01:15:06+00:00 grace1.umd.edu#00 I: Worker grace1.umd.edu#01 started.
2017-11-08T01:15:06+00:00 grace1.umd.edu#00 I: 1 tests running: public:0:assign1.
2017-11-08T01:15:06+00:00 grace1.umd.edu#01 I: Start test public:0:assign1.
2017-11-08T01:15:06+00:00 grace1.umd.edu#00 I: 1 tests running: public:0:assign1.
2017-11-08T01:15:06+00:00 grace1.umd.edu#01 I: Test public:0:assign1 is successful.
2017-11-08T01:15:06+00:00 grace1.umd.edu#00 I: 1 tests running: public:0:assign1.
2017-11-08T01:15:06+00:00 grace1.umd.edu#01 I: End test public:0:assign1.
2017-11-08T01:15:06+00:00 grace1.umd.edu#00 I: 1 tests running: public:0:assign1.
2017-11-08T01:15:06+00:00 grace1.umd.edu#00 I: 1 tests running: public:1:assign-exp.
2017-11-08T01:15:06+00:00 grace1.umd.edu#01 I: Start test public:1:assign-exp.
2017-11-08T01:15:06+00:00 grace1.umd.edu#00 I: 1 tests running: public:1:assign-exp.
2017-11-08T01:15:06+00:00 grace1.umd.edu#01 I: Test public:1:assign-exp is successful.
2017-11-08T01:15:06+00:00 grace1.umd.edu#00 I: 1 tests running: public:1:assign-exp.
2017-11-08T01:15:06+00:00 grace1.umd.edu#01 I: End test public:1:assign-exp.
2017-11-08T01:15:06+00:00 grace1.umd.edu#00 I: 1 tests running: public:1:assign-exp.
2017-11-08T01:15:06+00:00 grace1.umd.edu#00 I: 1 tests running: public:2:define1.
2017-11-08T01:15:06+00:00 grace1.umd.edu#01 I: Start test public:2:define1.
2017-11-08T01:15:06+00:00 grace1.umd.edu#00 I: 1 tests running: public:2:define1.
2017-11-08T01:15:06+00:00 grace1.umd.edu#01 I: Test public:2:define1 is successful.
2017-11-08T01:15:06+00:00 grace1.umd.edu#00 I: 1 tests running: public:2:define1.
2017-11-08T01:15:06+00:00 grace1.umd.edu#01 I: End test public:2:define1.
2017-11-08T01:15:06+00:00 grace1.umd.edu#00 I: 1 tests running: public:2:define1.
2017-11-08T01:15:06+00:00 grace1.umd.edu#00 I: 1 tests running: public:3:equal.
2017-11-08T01:15:06+00:00 grace1.umd.edu#01 I: Start test public:3:equal.
2017-11-08T01:15:06+00:00 grace1.umd.edu#00 I: 1 tests running: public:3:equal.
2017-11-08T01:15:06+00:00 grace1.umd.edu#01 I: Test public:3:equal is successful.
2017-11-08T01:15:06+00:00 grace1.umd.edu#00 I: 1 tests running: public:3:equal.
2017-11-08T01:15:06+00:00 grace1.umd.edu#01 I: End test public:3:equal.
2017-11-08T01:15:06+00:00 grace1.umd.edu#00 I: 1 tests running: public:3:equal.
2017-11-08T01:15:06+00:00 grace1.umd.edu#00 I: 1 tests running: public:4:exp1.
2017-11-08T01:15:06+00:00 grace1.umd.edu#01 I: Start test public:4:exp1.
2017-11-08T01:15:06+00:00 grace1.umd.edu#00 I: 1 tests running: public:4:exp1.
2017-11-08T01:15:06+00:00 grace1.umd.edu#01 I: Test public:4:exp1 is successful.
2017-11-08T01:15:06+00:00 grace1.umd.edu#00 I: 1 tests running: public:4:exp1.
2017-11-08T01:15:06+00:00 grace1.umd.edu#01 I: End test public:4:exp1.
2017-11-08T01:15:06+00:00 grace1.umd.edu#00 I: 1 tests running: public:4:exp1.
2017-11-08T01:15:06+00:00 grace1.umd.edu#00 I: 1 tests running: public:5:exp2.
2017-11-08T01:15:06+00:00 grace1.umd.edu#01 I: Start test public:5:exp2.
2017-11-08T01:15:06+00:00 grace1.umd.edu#00 I: 1 tests running: public:5:exp2.
2017-11-08T01:15:06+00:00 grace1.umd.edu#01 I: Test public:5:exp2 is successful.
2017-11-08T01:15:06+00:00 grace1.umd.edu#00 I: 1 tests running: public:5:exp2.
2017-11-08T01:15:06+00:00 grace1.umd.edu#01 I: End test public:5:exp2.
2017-11-08T01:15:06+00:00 grace1.umd.edu#00 I: 1 tests running: public:5:exp2.
2017-11-08T01:15:06+00:00 grace1.umd.edu#00 I: 1 tests running: public:6:greater.
2017-11-08T01:15:06+00:00 grace1.umd.edu#01 I: Start test public:6:greater.
2017-11-08T01:15:06+00:00 grace1.umd.edu#00 I: 1 tests running: public:6:greater.
2017-11-08T01:15:06+00:00 grace1.umd.edu#01 I: Test public:6:greater is successful.
2017-11-08T01:15:06+00:00 grace1.umd.edu#00 I: 1 tests running: public:6:greater.
2017-11-08T01:15:06+00:00 grace1.umd.edu#01 I: End test public:6:greater.
2017-11-08T01:15:06+00:00 grace1.umd.edu#00 I: 1 tests running: public:6:greater.
2017-11-08T01:15:06+00:00 grace1.umd.edu#00 I: 1 tests running: public:7:if.
2017-11-08T01:15:06+00:00 grace1.umd.edu#01 I: Start test public:7:if.
2017-11-08T01:15:06+00:00 grace1.umd.edu#00 I: 1 tests running: public:7:if.
2017-11-08T01:15:06+00:00 grace1.umd.edu#01 I: Test public:7:if is successful.
2017-11-08T01:15:06+00:00 grace1.umd.edu#00 I: 1 tests running: public:7:if.
2017-11-08T01:15:06+00:00 grace1.umd.edu#01 I: End test public:7:if.
2017-11-08T01:15:06+00:00 grace1.umd.edu#00 I: 1 tests running: public:7:if.
2017-11-08T01:15:06+00:00 grace1.umd.edu#00 I: 1 tests running: public:8:ifelse.
2017-11-08T01:15:06+00:00 grace1.umd.edu#01 I: Start test public:8:ifelse.
2017-11-08T01:15:06+00:00 grace1.umd.edu#00 I: 1 tests running: public:8:ifelse.
2017-11-08T01:15:06+00:00 grace1.umd.edu#01 I: Test public:8:ifelse is successful.
2017-11-08T01:15:06+00:00 grace1.umd.edu#00 I: 1 tests running: public:8:ifelse.
2017-11-08T01:15:06+00:00 grace1.umd.edu#01 I: End test public:8:ifelse.
2017-11-08T01:15:06+00:00 grace1.umd.edu#00 I: 1 tests running: public:8:ifelse.
2017-11-08T01:15:06+00:00 grace1.umd.edu#00 I: 1 tests running: public:9:if-else-while.
2017-11-08T01:15:06+00:00 grace1.umd.edu#01 I: Start test public:9:if-else-while.
2017-11-08T01:15:06+00:00 grace1.umd.edu#00 I: 1 tests running: public:9:if-else-while.
2017-11-08T01:15:06+00:00 grace1.umd.edu#01 I: Test public:9:if-else-while is successful.
2017-11-08T01:15:06+00:00 grace1.umd.edu#00 I: 1 tests running: public:9:if-else-while.
2017-11-08T01:15:06+00:00 grace1.umd.edu#01 I: End test public:9:if-else-while.
2017-11-08T01:15:06+00:00 grace1.umd.edu#00 I: 1 tests running: public:9:if-else-while.
2017-11-08T01:15:06+00:00 grace1.umd.edu#00 I: 1 tests running: public:10:less.
2017-11-08T01:15:06+00:00 grace1.umd.edu#01 I: Start test public:10:less.
2017-11-08T01:15:06+00:00 grace1.umd.edu#00 I: 1 tests running: public:10:less.
2017-11-08T01:15:06+00:00 grace1.umd.edu#01 I: Test public:10:less is successful.
2017-11-08T01:15:06+00:00 grace1.umd.edu#00 I: 1 tests running: public:10:less.
2017-11-08T01:15:06+00:00 grace1.umd.edu#01 I: End test public:10:less.
2017-11-08T01:15:06+00:00 grace1.umd.edu#00 I: 1 tests running: public:10:less.
2017-11-08T01:15:06+00:00 grace1.umd.edu#00 I: 1 tests running: public:11:main.
2017-11-08T01:15:06+00:00 grace1.umd.edu#01 I: Start test public:11:main.
2017-11-08T01:15:06+00:00 grace1.umd.edu#00 I: 1 tests running: public:11:main.
2017-11-08T01:15:06+00:00 grace1.umd.edu#01 I: Test public:11:main is successful.
2017-11-08T01:15:06+00:00 grace1.umd.edu#00 I: 1 tests running: public:11:main.
2017-11-08T01:15:06+00:00 grace1.umd.edu#01 I: End test public:11:main.
2017-11-08T01:15:06+00:00 grace1.umd.edu#00 I: 1 tests running: public:11:main.
2017-11-08T01:15:06+00:00 grace1.umd.edu#00 I: 1 tests running: public:12:nested-if.
2017-11-08T01:15:06+00:00 grace1.umd.edu#01 I: Start test public:12:nested-if.
2017-11-08T01:15:06+00:00 grace1.umd.edu#00 I: 1 tests running: public:12:nested-if.
2017-11-08T01:15:06+00:00 grace1.umd.edu#01 I: Test public:12:nested-if is successful.
2017-11-08T01:15:06+00:00 grace1.umd.edu#00 I: 1 tests running: public:12:nested-if.
2017-11-08T01:15:06+00:00 grace1.umd.edu#01 I: End test public:12:nested-if.
2017-11-08T01:15:06+00:00 grace1.umd.edu#00 I: 1 tests running: public:12:nested-if.
2017-11-08T01:15:06+00:00 grace1.umd.edu#00 I: 1 tests running: public:13:nested-ifelse.
2017-11-08T01:15:06+00:00 grace1.umd.edu#01 I: Start test public:13:nested-ifelse.
2017-11-08T01:15:06+00:00 grace1.umd.edu#00 I: 1 tests running: public:13:nested-ifelse.
2017-11-08T01:15:06+00:00 grace1.umd.edu#01 I: Test public:13:nested-ifelse is successful.
2017-11-08T01:15:06+00:00 grace1.umd.edu#00 I: 1 tests running: public:13:nested-ifelse.
2017-11-08T01:15:06+00:00 grace1.umd.edu#01 I: End test public:13:nested-ifelse.
2017-11-08T01:15:06+00:00 grace1.umd.edu#00 I: 1 tests running: public:13:nested-ifelse.
2017-11-08T01:15:06+00:00 grace1.umd.edu#00 I: 1 tests running: public:14:nested-while.
2017-11-08T01:15:06+00:00 grace1.umd.edu#01 I: Start test public:14:nested-while.
2017-11-08T01:15:06+00:00 grace1.umd.edu#00 I: 1 tests running: public:14:nested-while.
2017-11-08T01:15:06+00:00 grace1.umd.edu#01 I: Test public:14:nested-while is successful.
2017-11-08T01:15:06+00:00 grace1.umd.edu#00 I: 1 tests running: public:14:nested-while.
2017-11-08T01:15:06+00:00 grace1.umd.edu#01 I: End test public:14:nested-while.
2017-11-08T01:15:06+00:00 grace1.umd.edu#00 I: 1 tests running: public:14:nested-while.
2017-11-08T01:15:06+00:00 grace1.umd.edu#00 I: 1 tests running: public:15:print.
2017-11-08T01:15:06+00:00 grace1.umd.edu#01 I: Start test public:15:print.
2017-11-08T01:15:06+00:00 grace1.umd.edu#00 I: 1 tests running: public:15:print.
2017-11-08T01:15:06+00:00 grace1.umd.edu#01 I: Test public:15:print is successful.
2017-11-08T01:15:06+00:00 grace1.umd.edu#00 I: 1 tests running: public:15:print.
2017-11-08T01:15:06+00:00 grace1.umd.edu#01 I: End test public:15:print.
2017-11-08T01:15:06+00:00 grace1.umd.edu#00 I: 1 tests running: public:15:print.
2017-11-08T01:15:06+00:00 grace1.umd.edu#00 I: 1 tests running: public:16:test1.
2017-11-08T01:15:06+00:00 grace1.umd.edu#01 I: Start test public:16:test1.
2017-11-08T01:15:06+00:00 grace1.umd.edu#00 I: 1 tests running: public:16:test1.
2017-11-08T01:15:06+00:00 grace1.umd.edu#01 I: Test public:16:test1 is successful.
2017-11-08T01:15:06+00:00 grace1.umd.edu#00 I: 1 tests running: public:16:test1.
2017-11-08T01:15:06+00:00 grace1.umd.edu#01 I: End test public:16:test1.
2017-11-08T01:15:06+00:00 grace1.umd.edu#00 I: 1 tests running: public:16:test1.
2017-11-08T01:15:06+00:00 grace1.umd.edu#00 I: 1 tests running: public:17:test2.
2017-11-08T01:15:06+00:00 grace1.umd.edu#01 I: Start test public:17:test2.
2017-11-08T01:15:06+00:00 grace1.umd.edu#00 I: 1 tests running: public:17:test2.
2017-11-08T01:15:06+00:00 grace1.umd.edu#01 I: Test public:17:test2 is successful.
2017-11-08T01:15:06+00:00 grace1.umd.edu#00 I: 1 tests running: public:17:test2.
2017-11-08T01:15:06+00:00 grace1.umd.edu#01 I: End test public:17:test2.
2017-11-08T01:15:06+00:00 grace1.umd.edu#00 I: 1 tests running: public:17:test2.
2017-11-08T01:15:06+00:00 grace1.umd.edu#00 I: 1 tests running: public:18:test3.
2017-11-08T01:15:06+00:00 grace1.umd.edu#01 I: Start test public:18:test3.
2017-11-08T01:15:06+00:00 grace1.umd.edu#00 I: 1 tests running: public:18:test3.
2017-11-08T01:15:06+00:00 grace1.umd.edu#01 I: Test public:18:test3 is successful.
2017-11-08T01:15:06+00:00 grace1.umd.edu#00 I: 1 tests running: public:18:test3.
2017-11-08T01:15:06+00:00 grace1.umd.edu#01 I: End test public:18:test3.
2017-11-08T01:15:06+00:00 grace1.umd.edu#00 I: 1 tests running: public:18:test3.
2017-11-08T01:15:06+00:00 grace1.umd.edu#00 I: 1 tests running: public:19:test4.
2017-11-08T01:15:06+00:00 grace1.umd.edu#01 I: Start test public:19:test4.
2017-11-08T01:15:06+00:00 grace1.umd.edu#00 I: 1 tests running: public:19:test4.
2017-11-08T01:15:06+00:00 grace1.umd.edu#01 I: Test public:19:test4 is successful.
2017-11-08T01:15:06+00:00 grace1.umd.edu#00 I: 1 tests running: public:19:test4.
2017-11-08T01:15:06+00:00 grace1.umd.edu#01 I: End test public:19:test4.
2017-11-08T01:15:06+00:00 grace1.umd.edu#00 I: 1 tests running: public:19:test4.
2017-11-08T01:15:06+00:00 grace1.umd.edu#00 I: 1 tests running: public:20:test-assoc1.
2017-11-08T01:15:06+00:00 grace1.umd.edu#01 I: Start test public:20:test-assoc1.
2017-11-08T01:15:06+00:00 grace1.umd.edu#00 I: 1 tests running: public:20:test-assoc1.
2017-11-08T01:15:06+00:00 grace1.umd.edu#01 I: Test public:20:test-assoc1 is successful.
2017-11-08T01:15:06+00:00 grace1.umd.edu#00 I: 1 tests running: public:20:test-assoc1.
2017-11-08T01:15:06+00:00 grace1.umd.edu#01 I: End test public:20:test-assoc1.
2017-11-08T01:15:06+00:00 grace1.umd.edu#00 I: 1 tests running: public:20:test-assoc1.
2017-11-08T01:15:06+00:00 grace1.umd.edu#00 I: Still 1 tests running : public:21:while.
2017-11-08T01:15:06+00:00 grace1.umd.edu#00 I: 1 tests running: public:21:while.
2017-11-08T01:15:06+00:00 grace1.umd.edu#01 I: Start test public:21:while.
2017-11-08T01:15:06+00:00 grace1.umd.edu#00 I: Still 1 tests running : public:21:while.
2017-11-08T01:15:06+00:00 grace1.umd.edu#00 I: 1 tests running: public:21:while.
2017-11-08T01:15:06+00:00 grace1.umd.edu#01 I: Test public:21:while is successful.
2017-11-08T01:15:06+00:00 grace1.umd.edu#00 I: Still 1 tests running : public:21:while.
2017-11-08T01:15:06+00:00 grace1.umd.edu#00 I: 1 tests running: public:21:while.
2017-11-08T01:15:06+00:00 grace1.umd.edu#01 I: End test public:21:while.
2017-11-08T01:15:06+00:00 grace1.umd.edu#00 I: Still 1 tests running : public:21:while.
2017-11-08T01:15:06+00:00 grace1.umd.edu#00 I: 1 tests running: public:21:while.
2017-11-08T01:15:06+00:00 grace1.umd.edu#00 I: 0 tests running: .
2017-11-08T01:15:06+00:00 grace1.umd.edu#00 I: Worker grace1.umd.edu#01 has ended.
2017-11-08T01:15:06+00:00 grace1.umd.edu#00 I: Used 1 worker during test execution.
2017-11-08T01:15:06+00:00 grace1.umd.edu#00 I: Run 22 tests with shard grace1.umd.edu#01.
2017-11-08T01:15:06+00:00 grace1.umd.edu#00 I: ==============
2017-11-08T01:15:06+00:00 grace1.umd.edu#00 I: Summary:
2017-11-08T01:15:06+00:00 grace1.umd.edu#00 I: Test public:21:while is successful.
2017-11-08T01:15:06+00:00 grace1.umd.edu#00 I: Test public:20:test-assoc1 is successful.
2017-11-08T01:15:06+00:00 grace1.umd.edu#00 I: Test public:19:test4 is successful.
2017-11-08T01:15:06+00:00 grace1.umd.edu#00 I: Test public:18:test3 is successful.
2017-11-08T01:15:06+00:00 grace1.umd.edu#00 I: Test public:17:test2 is successful.
2017-11-08T01:15:06+00:00 grace1.umd.edu#00 I: Test public:16:test1 is successful.
2017-11-08T01:15:06+00:00 grace1.umd.edu#00 I: Test public:15:print is successful.
2017-11-08T01:15:06+00:00 grace1.umd.edu#00 I: Test public:14:nested-while is successful.
2017-11-08T01:15:06+00:00 grace1.umd.edu#00 I: Test public:13:nested-ifelse is successful.
2017-11-08T01:15:06+00:00 grace1.umd.edu#00 I: Test public:12:nested-if is successful.
2017-11-08T01:15:06+00:00 grace1.umd.edu#00 I: Test public:11:main is successful.
2017-11-08T01:15:06+00:00 grace1.umd.edu#00 I: Test public:10:less is successful.
2017-11-08T01:15:06+00:00 grace1.umd.edu#00 I: Test public:9:if-else-while is successful.
2017-11-08T01:15:06+00:00 grace1.umd.edu#00 I: Test public:8:ifelse is successful.
2017-11-08T01:15:06+00:00 grace1.umd.edu#00 I: Test public:7:if is successful.
2017-11-08T01:15:06+00:00 grace1.umd.edu#00 I: Test public:6:greater is successful.
2017-11-08T01:15:06+00:00 grace1.umd.edu#00 I: Test public:5:exp2 is successful.
2017-11-08T01:15:06+00:00 grace1.umd.edu#00 I: Test public:4:exp1 is successful.
2017-11-08T01:15:06+00:00 grace1.umd.edu#00 I: Test public:3:equal is successful.
2017-11-08T01:15:06+00:00 grace1.umd.edu#00 I: Test public:2:define1 is successful.
2017-11-08T01:15:06+00:00 grace1.umd.edu#00 I: Test public:1:assign-exp is successful.
2017-11-08T01:15:06+00:00 grace1.umd.edu#00 I: Test public:0:assign1 is successful.
2017-11-08T01:15:06+00:00 grace1.umd.edu#00 I: Ran: 22 tests in: 0.19 seconds.
2017-11-08T01:15:06+00:00 grace1.umd.edu#00 I: Cases: 22.
2017-11-08T01:15:06+00:00 grace1.umd.edu#00 I: Tried: 22.
2017-11-08T01:15:06+00:00 grace1.umd.edu#00 I: Errors: 0.
2017-11-08T01:15:06+00:00 grace1.umd.edu#00 I: Failures: 0.
2017-11-08T01:15:06+00:00 grace1.umd.edu#00 I: Skip: 0.
2017-11-08T01:15:06+00:00 grace1.umd.edu#00 I: Todo: 0.
2017-11-08T01:15:06+00:00 grace1.umd.edu#00 I: Timeout: 0.
